86 [13596] INFO perfrun.launcher <> - Launcher main begin
91 [13596] INFO perfrun.launcher <> - MessageCatalogInit finished
91 [13596] INFO perfrun.launcher <> - Launcher instance created
91 [13596] INFO perfrun.launcher <> - argc = 7; cmdline = C:\Program Files (x86)\Intel\oneAPI\vtune\2025.0\bin64\amplxe-runss.exe --ui-output-format xml --ui-output-fd 1264 --option-file C:\Users\redja\chess\Rust Chess\r001hs\config\runss.options 
102 [13596] INFO perfrun.launcher <> - New signal handler callback was added
152 [13596] INFO perfrun.perfcollector <> - SEP tool path: C:\Program Files (x86)\Intel\oneAPI\vtune\2025.0\bin64\sep.exe
170 [13596] INFO perfrun.launcher <> - create msngr2::ICliToolContext
170 [13596] INFO perfrun.launcher <> - create file finder object
170 [13596] INFO perfrun.launcher <> - create a result directory: pattern = C:\Users\redja\chess\Rust Chess\r001hs pid = 4294967295
175 [13596] INFO perfrun.launcher <> - create data directory = C:\Users\redja\chess\Rust Chess\r001hs\data.0
176 [13596] INFO perfrun.launcher <> - Creating the master collection flag
181 [13596] INFO perfrun.launcher <> - Done creating the master collection flag
181 [11896] INFO perfrun.launcher <> - plugin [remoteplug] was disabled because it doesn't support the given collection type.
181 [11896] INFO perfrun.sdk <> - Allocating TMU :C:\Users\redja\chess\Rust Chess\r001hs\data.0\systemcollector-6380-Jack.sc
182 [11896] INFO perfrun.launcher <> - plugin [] was disabled because it doesn't support the given collection type.
185 [11896] INFO perfrun.launcher <> - plugin [] was disabled because it doesn't support the given collection type.
185 [11896] INFO perfrun.launcher <> - plugin [gpu] was disabled because it doesn't support the given collection type.
185 [11896] INFO perfrun.launcher <> - plugin [etw.kernel] was disabled because it doesn't support the given collection type.
185 [11896] INFO perfrun.launcher <> - plugin [etw.dx] was disabled because it doesn't support the given collection type.
185 [11896] INFO perfrun.launcher <> - plugin [etw.wsa] was disabled because it doesn't support the given collection type.
185 [11896] INFO perfrun.mrte <> - system-wide mode is 0
185 [11896] INFO perfrun.mrte <> - Getting  mrte profiling environment ...
219 [11896] INFO perfrun.mrte <> - INTEL_MRTE_DATA_DIR=C:\Users\redja\chess\Rust Chess\r001hs\data.0
219 [11896] INFO perfrun.mrte <> - INTEL_MRTE_HOST_NAME=Jack
219 [11896] INFO perfrun.mrte <> - JAVA_TOOL_OPTIONS=-agentlib:amplxe_samplingmrte_javaprof_1.0
219 [11896] INFO perfrun.mrte <> - PATH=C:\Program Files (x86)\Intel\oneAPI\vtune\2025.0\bin32\runtime;C:\Program Files (x86)\Intel\oneAPI\vtune\2025.0\bin64\runtime;C:\Program Files (x86)\VMware\VMware Player\bin\;C:\Program Files\Microsoft\jdk-11.0.16.101-hotspot\bin;C:\Python311\Scripts\;C:\Python311\;C:\Program Files\Common Files\Oracle\Java\javapath;C:\WINDOWS\system32;C:\WINDOWS;C:\WINDOWS\System32\Wbem;C:\WINDOWS\System32\WindowsPowerShell\v1.0\;C:\WINDOWS\System32\OpenSSH\;C:\Users\redja\Downloads\chromedriver_win32;C:\Program Files\Git\cmd;C:\ProgramData\chocolatey\bin;C:\Program Files\GitHub CLI\;C:\Program Files\Wolfram Research\WolframScript\;C:\Program Files\HP\HP One Agent;C:\Program Files\Docker\Docker\resources\bin;C:\Users\redja\AppData\Roaming\nvm;C:\Program Files\nodejs;C:\Users\redja\.cargo\bin;C:\Users\redja\AppData\Local\Microsoft\WindowsApps;C:\Users\redja\AppData\Local\Programs\Microsoft VS Code\bin;C:\Users\redja\Downloads\chromedriver_win32\chromedriver;C:\Users\redja\AppData\Roaming\npm;C:\Program Files\JetBrains\IntelliJ IDEA 2023.3.2\bin;C:\Users\redja\AppData\Local\Programs\Python\Python312\Scripts\;C:\Users\redja\AppData\Roaming\nvm;C:\Program Files\nodejs
219 [11896] INFO perfrun.mrte <> - COR_ENABLE_PROFILING=1
219 [11896] INFO perfrun.mrte <> - COR_PROFILER={AA5E4821-E3B1-479c-B7FF-5AD047D22CED}
219 [11896] INFO perfrun.mrte <> - COMPLUS_ProfAPI_ProfilerCompatibilitySetting=EnableV2Profiler
219 [11896] INFO perfrun.mrte <> - CORECLR_ENABLE_PROFILING=1
219 [11896] INFO perfrun.mrte <> - CORECLR_PROFILER={AA5E4821-E3B1-479c-B7FF-5AD047D22CED}
219 [11896] INFO perfrun.mrte <> - CORECLR_PROFILER_PATH=C:\Program Files (x86)\Intel\oneAPI\vtune\2025.0\bin64/amplxe_samplingmrte_clrprof_1.0.dll
219 [11896] INFO perfrun.mrte <> - INTEL_MRTE_PROFILER_MODE=mixed
219 [11896] INFO perfrun.mrte <> - Data directory: C:\Users\redja\chess\Rust Chess\r001hs\data.0
219 [11896] INFO perfrun.mrte <> - Mrte plugin is initialized
219 [11896] INFO perfrun.sdk <> - runCmd: "C:\Program Files (x86)\Intel\oneAPI\vtune\2025.0\bin64\emon.exe" -v
222 [11896] INFO perfrun.sdk <> - runCmd started PID 8416
350 [11896] INFO perfrun.emon <> - Extracted TSC Frequency = 2.8032e+09 from emon -v
350 [11896] INFO perfrun.metrics <> - PMU type is tigerlake
351 [11896] INFO perfrun.launcher <> - plugin [cuscol] was disabled because it doesn't support the given collection type.
351 [11896] INFO perfrun.launcher <> - plugin [stdsrc] was disabled because it doesn't support the given collection type.
351 [11896] INFO perfrun.launcher <> - plugin [sep] was disabled because it doesn't support the given collection type.
351 [11896] INFO perfrun.launcher <> - plugin [vtsspp] was disabled because it doesn't support the given collection type.
351 [11896] INFO perfrun.launcher <> - plugin [perf] was disabled because it doesn't support the given collection type.
351 [11896] INFO perfrun.launcher <> - plugin [aoclprofile] was disabled because it doesn't support the given collection type.
351 [11896] INFO perfrun.tpss <> - initialize tpss controller
351 [11896] INFO perfrun.tpss <> - configure collection mode: value = cpu:counters:nostack
351 [11896] INFO perfrun.tpss <> - configure collection mode: value = cpu:stack
351 [11896] INFO perfrun.tpss <> - default obj-size-min=1024
351 [11896] INFO perfrun.tpss <> - default hash-table-size=0
351 [11896] INFO perfrun.launcher <> - plugin [] was disabled because it doesn't support the given collection type.
351 [11896] INFO perfrun.launcher <> - plugin [] was disabled because it doesn't support the given collection type.
351 [11896] INFO perfrun.launcher <> - plugin [] was disabled because it doesn't support the given collection type.
351 [11896] INFO perfrun.launcher <> - plugin [] was disabled because it doesn't support the given collection type.
351 [11896] INFO perfrun.launcher <> - plugin [power] was disabled because it doesn't support the given collection type.
351 [11896] INFO perfrun.launcher <> - plugin [] was disabled because it doesn't support the given collection type.
351 [11896] INFO perfrun.launcher <> - plugin [ipmwatch] was disabled because it doesn't support the given collection type.
351 [11896] INFO perfrun.launcher <> - plugin [os_counters] was disabled because it doesn't support the given collection type.
351 [11896] INFO perfrun.launcher <> - plugin [l0_metrics] was disabled because it doesn't support the given collection type.
351 [13596] INFO perfrun.launcher <> - set environment variable: PATH = C:\Program Files (x86)\Intel\oneAPI\vtune\2025.0\bin32\runtime;C:\Program Files (x86)\Intel\oneAPI\vtune\2025.0\bin64\runtime;C:\Program Files (x86)\VMware\VMware Player\bin\;C:\Program Files\Microsoft\jdk-11.0.16.101-hotspot\bin;C:\Python311\Scripts\;C:\Python311\;C:\Program Files\Common Files\Oracle\Java\javapath;C:\WINDOWS\system32;C:\WINDOWS;C:\WINDOWS\System32\Wbem;C:\WINDOWS\System32\WindowsPowerShell\v1.0\;C:\WINDOWS\System32\OpenSSH\;C:\Users\redja\Downloads\chromedriver_win32;C:\Program Files\Git\cmd;C:\ProgramData\chocolatey\bin;C:\Program Files\GitHub CLI\;C:\Program Files\Wolfram Research\WolframScript\;C:\Program Files\HP\HP One Agent;C:\Program Files\Docker\Docker\resources\bin;C:\Users\redja\AppData\Roaming\nvm;C:\Program Files\nodejs;C:\Users\redja\.cargo\bin;C:\Users\redja\AppData\Local\Microsoft\WindowsApps;C:\Users\redja\AppData\Local\Programs\Microsoft VS Code\bin;C:\Users\redja\Downloads\chromedriver_win32\chromedriver;C:\Users\redja\AppData\Roaming\npm;C:\Program Files\JetBrains\IntelliJ IDEA 2023.3.2\bin;C:\Users\redja\AppData\Local\Programs\Python\Python312\Scripts\;C:\Users\redja\AppData\Roaming\nvm;C:\Program Files\nodejs
351 [13596] INFO perfrun.launcher <> - set environment variable: INTEL_LIBITTNOTIFY32 = C:\Program Files (x86)\Intel\oneAPI\vtune\2025.0\bin32\runtime\ittnotify_collector.dll
352 [13596] INFO perfrun.launcher <> - set environment variable: INTEL_LIBITTNOTIFY64 = C:\Program Files (x86)\Intel\oneAPI\vtune\2025.0\bin64\runtime\ittnotify_collector.dll
352 [13596] INFO perfrun.launcher <> - set environment variable: INTEL_ITTNOTIFY_GROUPS = 
352 [13596] INFO perfrun.launcher <> - set environment variable: INTEL_JIT_PROFILER32 = C:\Program Files (x86)\Intel\oneAPI\vtune\2025.0\bin32\runtime\ittnotify_collector.dll
352 [13596] INFO perfrun.launcher <> - set environment variable: INTEL_JIT_PROFILER64 = C:\Program Files (x86)\Intel\oneAPI\vtune\2025.0\bin64\runtime\ittnotify_collector.dll
352 [13596] INFO perfrun.launcher <> - set environment variable: CCL_ITT_LEVEL = 1
352 [13596] INFO perfrun.launcher <> - set environment variable: ENABLE_JITPROFILING = 1
352 [13596] INFO perfrun.launcher <> - set environment variable: CL_CONFIG_USE_VTUNE = True
352 [13596] INFO perfrun.launcher <> - set environment variable: KMP_FORKJOIN_FRAMES = 0
352 [13596] INFO perfrun.launcher <> - set environment variable: KMP_FORKJOIN_FRAMES_MODE = 0
352 [13596] INFO perfrun.launcher <> - set environment variable: INTEL_MRTE_DATA_DIR = C:\Users\redja\chess\Rust Chess\r001hs\data.0
353 [13596] INFO perfrun.launcher <> - set environment variable: INTEL_MRTE_HOST_NAME = Jack
353 [13596] INFO perfrun.launcher <> - set environment variable: JAVA_TOOL_OPTIONS = -agentlib:amplxe_samplingmrte_javaprof_1.0
353 [13596] INFO perfrun.launcher <> - set environment variable: PATH = C:\Program Files (x86)\Intel\oneAPI\vtune\2025.0\bin32\runtime;C:\Program Files (x86)\Intel\oneAPI\vtune\2025.0\bin64\runtime;C:\Program Files (x86)\VMware\VMware Player\bin\;C:\Program Files\Microsoft\jdk-11.0.16.101-hotspot\bin;C:\Python311\Scripts\;C:\Python311\;C:\Program Files\Common Files\Oracle\Java\javapath;C:\WINDOWS\system32;C:\WINDOWS;C:\WINDOWS\System32\Wbem;C:\WINDOWS\System32\WindowsPowerShell\v1.0\;C:\WINDOWS\System32\OpenSSH\;C:\Users\redja\Downloads\chromedriver_win32;C:\Program Files\Git\cmd;C:\ProgramData\chocolatey\bin;C:\Program Files\GitHub CLI\;C:\Program Files\Wolfram Research\WolframScript\;C:\Program Files\HP\HP One Agent;C:\Program Files\Docker\Docker\resources\bin;C:\Users\redja\AppData\Roaming\nvm;C:\Program Files\nodejs;C:\Users\redja\.cargo\bin;C:\Users\redja\AppData\Local\Microsoft\WindowsApps;C:\Users\redja\AppData\Local\Programs\Microsoft VS Code\bin;C:\Users\redja\Downloads\chromedriver_win32\chromedriver;C:\Users\redja\AppData\Roaming\npm;C:\Program Files\JetBrains\IntelliJ IDEA 2023.3.2\bin;C:\Users\redja\AppData\Local\Programs\Python\Python312\Scripts\;C:\Users\redja\AppData\Roaming\nvm;C:\Program Files\nodejs
353 [13596] INFO perfrun.launcher <> - set environment variable: COR_ENABLE_PROFILING = 1
353 [13596] INFO perfrun.launcher <> - set environment variable: COR_PROFILER = {AA5E4821-E3B1-479c-B7FF-5AD047D22CED}
353 [13596] INFO perfrun.launcher <> - set environment variable: COMPLUS_ProfAPI_ProfilerCompatibilitySetting = EnableV2Profiler
353 [13596] INFO perfrun.launcher <> - set environment variable: CORECLR_ENABLE_PROFILING = 1
353 [13596] INFO perfrun.launcher <> - set environment variable: CORECLR_PROFILER = {AA5E4821-E3B1-479c-B7FF-5AD047D22CED}
353 [13596] INFO perfrun.launcher <> - set environment variable: CORECLR_PROFILER_PATH = C:\Program Files (x86)\Intel\oneAPI\vtune\2025.0\bin64/amplxe_samplingmrte_clrprof_1.0.dll
353 [13596] INFO perfrun.launcher <> - set environment variable: INTEL_MRTE_PROFILER_MODE = mixed
353 [13596] INFO perfrun.launcher <> - RpcServer: run RPC server to handle requests
357 [13596] INFO perfrun.sdk <> - IProcessUtil: the given executable 'C:\Users\redja\chess\target\release\chess.exe' is valid.
357 [13596] INFO perfrun.launcher <> - Launcher: command line to start before modification = C:\Users\redja\chess\target\release\chess.exe
359 [13596] INFO perfrun.launcher <> - Launcher: command line to start after modification = C:\Program Files (x86)\Intel\oneAPI\vtune\2025.0\bin64\pin.exe -error_file C:\Users\redja\chess\Rust Chess\r001hs\data.0\pinerr.tpsslog -detach_reattach -probe -follow_execv -p32 C:\Program Files (x86)\Intel\oneAPI\vtune\2025.0\bin32\pin.exe -p64 C:\Program Files (x86)\Intel\oneAPI\vtune\2025.0\bin64\pin.exe -t64 C:\Program Files (x86)\Intel\oneAPI\vtune\2025.0\bin64\tpsstool.dll -t C:\Program Files (x86)\Intel\oneAPI\vtune\2025.0\bin32\tpsstool.dll -server_name tpss_ipc.6380 -prd_dir C:\Program Files (x86)\Intel\oneAPI\vtune\2025.0 -- C:\Users\redja\chess\target\release\chess.exe
359 [13596] INFO perfrun.launcher <> - ProcessCreator object was created
383 [13596] INFO perfrun.launcher <> - Launcher: the process was started in suspend mode
384 [11896] INFO perfrun.itt <> - start itt controller for pid #4684
389 [11896] INFO perfrun.sdk <> - runCmd: "C:\Program Files (x86)\Intel\oneAPI\vtune\2025.0\bin64\emon.exe" -M
392 [11896] INFO perfrun.sdk <> - runCmd started PID 8760
475 [11896] INFO perfrun.sdk <> - runCmd: "C:\Program Files (x86)\Intel\oneAPI\vtune\2025.0\bin64\emon.exe" -v
477 [11896] INFO perfrun.sdk <> - runCmd started PID 9620
577 [11896] INFO perfrun.sdk <> - runCmd: "C:\Program Files (x86)\Intel\oneAPI\vtune\2025.0\bin64\sep.exe" -dry-run -ec CPU_CLK_UNHALTED.THREAD,CPU_CLK_UNHALTED.REF_TSC:sample:sa=2800000,INST_RETIRED.ANY:sample:sa=2800000,CPU_CLK_UNHALTED.DISTRIBUTED,FP_ARITH_INST_RETIRED.SCALAR_SINGLE,FP_ARITH_INST_RETIRED.128B_PACKED_SINGLE,FP_ARITH_INST_RETIRED.256B_PACKED_SINGLE,FP_ARITH_INST_RETIRED.SCALAR_DOUBLE,FP_ARITH_INST_RETIRED.128B_PACKED_DOUBLE,FP_ARITH_INST_RETIRED.256B_PACKED_DOUBLE,UOPS_EXECUTED.X87,UOPS_RETIRED.SLOTS,UOPS_EXECUTED.THREAD,FP_ARITH_INST_RETIRED.512B_PACKED_DOUBLE,FP_ARITH_INST_RETIRED.512B_PACKED_SINGLE,TOPDOWN.SLOTS:perf_metrics:sample:sa=2000003 -experimental
580 [11896] INFO perfrun.sdk <> - runCmd started PID 10208
671 [11896] INFO perfrun.emon <> - Spawned collector thread
671 [13668] INFO perfrun.sdk <> - runCmd: "C:\Program Files (x86)\Intel\oneAPI\vtune\2025.0\bin64\emon.exe" -u -t 0.050 -l0 -C CPU_CLK_UNHALTED.DISTRIBUTED,CPU_CLK_UNHALTED.REF_TSC,CPU_CLK_UNHALTED.THREAD,FP_ARITH_INST_RETIRED.128B_PACKED_DOUBLE,FP_ARITH_INST_RETIRED.128B_PACKED_SINGLE,FP_ARITH_INST_RETIRED.256B_PACKED_DOUBLE,FP_ARITH_INST_RETIRED.256B_PACKED_SINGLE,FP_ARITH_INST_RETIRED.512B_PACKED_DOUBLE,FP_ARITH_INST_RETIRED.512B_PACKED_SINGLE,FP_ARITH_INST_RETIRED.SCALAR_DOUBLE,FP_ARITH_INST_RETIRED.SCALAR_SINGLE,INST_RETIRED.ANY,TOPDOWN.SLOTS:perf_metrics,UOPS_EXECUTED.THREAD,UOPS_EXECUTED.X87,UOPS_RETIRED.SLOTS -experimental
674 [13668] INFO perfrun.sdk <> - runCmd started PID 14060
768 [13668] WARN perfrun.launcher <> - Messenger::say: EMON Collector Message: Event TOPDOWN.SLOTS:perf_metrics discarded since the event is invalid or the device does not exist.
1193 [11896] INFO perfrun.tpss <> - start tpss controller for pid #4684
1255 [13596] INFO perfrun.launcher <> - Launcher: all plugins were started
1255 [13596] INFO perfrun.launcher <> - DirectoryMonitor object was created
1255 [13596] INFO perfrun.launcher <> - DirectoryMonitor: a callback was added
1255 [13596] INFO perfrun.launcher <> - DirectoryMonitor was started with pingTime = 1000
1255 [13596] INFO perfrun.launcher <> - DeadlineTimer is going to be constructed
1256 [13596] INFO perfrun.launcher <> - DeadlineTimer: a callback was added
1264 [13596] INFO perfrun.launcher <> - Launcher: resume the profiled application and  wait its termination or stop command
6556 [15220] INFO perfrun.launcher <> - SignalHandler: signal #0 was caught
6577 [11896] INFO perfrun.itt <> - detach itt controller
6577 [11896] INFO perfrun.itt <> - detach itt controller done
6577 [11896] INFO perfrun.sdk <> - runCmd: "C:\Program Files (x86)\Intel\oneAPI\vtune\2025.0\bin64\emon.exe" -stop
6580 [11896] INFO perfrun.sdk <> - runCmd started PID 2636
6817 [11896] INFO perfrun.emon <> - EMON collector successfully stopped.

6862 [13668] WARN perfrun.emon_output <> - TimeKeeper: the time is being asked while the time keeper object is armed. This may mean that the time for the last group is getting reused as the time for this group
6862 [13668] INFO perfrun.emon_output <> - Collector process exited successfully
6863 [11896] INFO perfrun.tpss <> - stop tpss controller
6875 [11896] INFO perfrun.sdk <> - De-allocating TMU: C:\Users\redja\chess\Rust Chess\r001hs\data.0\systemcollector-6380-Jack.sc
6887 [11896] INFO perfrun.system <> - closed the system trace file: C:\Users\redja\chess\Rust Chess\r001hs\data.0\systemcollector-6380-Jack.sc
6891 [13596] WARN perfrun.sdk <> - Unexpected exit status - -1073741510, at file: vcs\perfrun1\sdk\src\utils_win.cpp:541
6891 [13596] INFO perfrun.launcher <> - Launcher: the profiled application was terminated  with exit code = -1073741510
6950 [15220] INFO perfrun.launcher <> - Cannot open the given process to KILL #5872 : The parameter is incorrect.
6952 [13596] INFO perfrun.launcher <> - Launcher: all plugins were stopped.
6952 [13596] INFO perfrun.launcher <> - DeadlineTimer is going to be destroyed
6952 [13596] INFO perfrun.launcher <> - DeadlineTimer was destroyed
6953 [13596] INFO perfrun.launcher <> - DirectoryMonitor object was destroyed
6953 [13596] WARN perfrun.launcher <> - Stop command is ignored because it is received when collection is already stopped, at file: vcs\perfrun1\launcher\src\command_handler.cpp:226
6957 [13596] INFO perfrun.launcher <> - Application exit code: -1073741510
6958 [13596] INFO perfrun.launcher <> - Exit code: 4
